<?xml version="1.0" encoding="UTF-8"?>
<!-- Generated by org.testng.reporters.JUnitReportReporter -->
<testsuite hostname="LAPTOP-2S8JFND3" failures="0" tests="1" name="testCases.LaunchBrowser" time="0.000" errors="0" timestamp="2024-04-05T15:32:40 IST" skipped="1">
  <testcase classname="testCases.LaunchBrowser" name="login" time="0.000">
    <skipped/>
  </testcase> <!-- login -->
  <system-out/>
</testsuite> <!-- testCases.LaunchBrowser -->
