<?xml version="1.0" encoding="UTF-8"?>
<!-- Generated by org.testng.reporters.JUnitReportReporter -->
<testsuite hostname="LAPTOP-2S8JFND3" failures="0" tests="6" name="testCases.AddUnit" time="32.993" errors="0" timestamp="2024-04-07T19:13:29 IST" skipped="1">
  <testcase classname="testCases.AddUnit" name="addUnit" time="13.665"/>
  <system-out/>
  <testcase classname="testCases.AddUnit" name="searchUnit" time="4.226"/>
  <system-out/>
  <testcase classname="testCases.AddUnit" name="addBrand" time="4.552"/>
  <system-out/>
  <testcase classname="testCases.AddUnit" name="searchBrand" time="4.298"/>
  <system-out/>
  <testcase classname="testCases.AddUnit" name="deleteBrand" time="6.252"/>
  <system-out/>
  <testcase classname="testCases.AddUnit" name="addBrandwoValue">
    <skipped/>
  </testcase> <!-- addBrandwoValue -->
  <system-out/>
</testsuite> <!-- testCases.AddUnit -->
