<?xml version="1.0" encoding="UTF-8"?>
<!-- Generated by org.testng.reporters.JUnitReportReporter -->
<testsuite hostname="LAPTOP-2S8JFND3" failures="0" tests="3" name="testCases.AddProduct" time="34.500" errors="0" timestamp="2024-04-07T19:13:29 IST" skipped="0">
  <testcase classname="testCases.AddProduct" name="addProduct" time="25.801"/>
  <system-out/>
  <testcase classname="testCases.AddProduct" name="searchProduct" time="4.294"/>
  <system-out/>
  <testcase classname="testCases.AddProduct" name="deleteproduct" time="4.405"/>
  <system-out/>
</testsuite> <!-- testCases.AddProduct -->
